Analysis & Synthesis report for mp
Sat May 22 20:29:23 2021
Quartus II 64-Bit Version 13.1.0 Build 162 10/23/2013 SJ Web Edition


---------------------
; Table of Contents ;
---------------------
  1. Legal Notice
  2. Analysis & Synthesis Summary
  3. Analysis & Synthesis Settings
  4. Parallel Compilation
  5. Analysis & Synthesis Source Files Read
  6. Analysis & Synthesis Resource Usage Summary
  7. Analysis & Synthesis Resource Utilization by Entity
  8. Analysis & Synthesis RAM Summary
  9. General Register Statistics
 10. Source assignments for dp:U1|LPM_ROM:U4_ROM|altrom:srom|altsyncram:rom_block|altsyncram_8e01:auto_generated
 11. Parameter Settings for User Entity Instance: dp:U1|reg:U0_IR
 12. Parameter Settings for User Entity Instance: dp:U1|mux2:U1_JNZmux
 13. Parameter Settings for User Entity Instance: dp:U1|reg:U2_PC
 14. Parameter Settings for User Entity Instance: dp:U1|increment:U3_inc
 15. Parameter Settings for User Entity Instance: dp:U1|LPM_ROM:U4_ROM
 16. Parameter Settings for User Entity Instance: dp:U1|mux2:U5_INmux
 17. Parameter Settings for User Entity Instance: dp:U1|reg:U6_A
 18. Parameter Settings for User Entity Instance: dp:U1|decrement:U7_dec
 19. Port Connectivity Checks: "dp:U1|reg:U0_IR"
 20. Elapsed Time Per Partition
 21. Analysis & Synthesis Messages



----------------
; Legal Notice ;
----------------
Copyright (C) 1991-2013 Altera Corporation
Your use of Altera Corporation's design tools, logic functions 
and other software and tools, and its AMPP partner logic 
functions, and any output files from any of the foregoing 
(including device programming or simulation files), and any 
associated documentation or information are expressly subject 
to the terms and conditions of the Altera Program License 
Subscription Agreement, Altera MegaCore Function License 
Agreement, or other applicable license agreement, including, 
without limitation, that your use is for the sole purpose of 
programming logic devices manufactured by Altera and sold by 
Altera or its authorized distributors.  Please refer to the 
applicable agreement for further details.



+---------------------------------------------------------------------------------+
; Analysis & Synthesis Summary                                                    ;
+------------------------------------+--------------------------------------------+
; Analysis & Synthesis Status        ; Successful - Sat May 22 20:29:23 2021      ;
; Quartus II 64-Bit Version          ; 13.1.0 Build 162 10/23/2013 SJ Web Edition ;
; Revision Name                      ; mp                                         ;
; Top-level Entity Name              ; mp                                         ;
; Family                             ; Cyclone IV GX                              ;
; Total logic elements               ; 34                                         ;
;     Total combinational functions  ; 27                                         ;
;     Dedicated logic registers      ; 22                                         ;
; Total registers                    ; 22                                         ;
; Total pins                         ; 19                                         ;
; Total virtual pins                 ; 0                                          ;
; Total memory bits                  ; 112                                        ;
; Embedded Multiplier 9-bit elements ; 0                                          ;
; Total GXB Receiver Channel PCS     ; 0                                          ;
; Total GXB Receiver Channel PMA     ; 0                                          ;
; Total GXB Transmitter Channel PCS  ; 0                                          ;
; Total GXB Transmitter Channel PMA  ; 0                                          ;
; Total PLLs                         ; 0                                          ;
+------------------------------------+--------------------------------------------+


+----------------------------------------------------------------------------------------------------------------------+
; Analysis & Synthesis Settings                                                                                        ;
+----------------------------------------------------------------------------+--------------------+--------------------+
; Option                                                                     ; Setting            ; Default Value      ;
+----------------------------------------------------------------------------+--------------------+--------------------+
; Top-level entity name                                                      ; mp                 ; mp                 ;
; Family name                                                                ; Cyclone IV GX      ; Cyclone IV GX      ;
; Use smart compilation                                                      ; Off                ; Off                ;
; Enable parallel Assembler and TimeQuest Timing Analyzer during compilation ; On                 ; On                 ;
; Enable compact report table                                                ; Off                ; Off                ;
; Restructure Multiplexers                                                   ; Auto               ; Auto               ;
; Create Debugging Nodes for IP Cores                                        ; Off                ; Off                ;
; Preserve fewer node names                                                  ; On                 ; On                 ;
; Disable OpenCore Plus hardware evaluation                                  ; Off                ; Off                ;
; Verilog Version                                                            ; Verilog_2001       ; Verilog_2001       ;
; VHDL Version                                                               ; VHDL_1993          ; VHDL_1993          ;
; State Machine Processing                                                   ; Auto               ; Auto               ;
; Safe State Machine                                                         ; Off                ; Off                ;
; Extract Verilog State Machines                                             ; On                 ; On                 ;
; Extract VHDL State Machines                                                ; On                 ; On                 ;
; Ignore Verilog initial constructs                                          ; Off                ; Off                ;
; Iteration limit for constant Verilog loops                                 ; 5000               ; 5000               ;
; Iteration limit for non-constant Verilog loops                             ; 250                ; 250                ;
; Add Pass-Through Logic to Inferred RAMs                                    ; On                 ; On                 ;
; Infer RAMs from Raw Logic                                                  ; On                 ; On                 ;
; Parallel Synthesis                                                         ; On                 ; On                 ;
; DSP Block Balancing                                                        ; Auto               ; Auto               ;
; NOT Gate Push-Back                                                         ; On                 ; On                 ;
; Power-Up Don't Care                                                        ; On                 ; On                 ;
; Remove Redundant Logic Cells                                               ; Off                ; Off                ;
; Remove Duplicate Registers                                                 ; On                 ; On                 ;
; Ignore CARRY Buffers                                                       ; Off                ; Off                ;
; Ignore CASCADE Buffers                                                     ; Off                ; Off                ;
; Ignore GLOBAL Buffers                                                      ; Off                ; Off                ;
; Ignore ROW GLOBAL Buffers                                                  ; Off                ; Off                ;
; Ignore LCELL Buffers                                                       ; Off                ; Off                ;
; Ignore SOFT Buffers                                                        ; On                 ; On                 ;
; Limit AHDL Integers to 32 Bits                                             ; Off                ; Off                ;
; Optimization Technique                                                     ; Balanced           ; Balanced           ;
; Carry Chain Length                                                         ; 70                 ; 70                 ;
; Auto Carry Chains                                                          ; On                 ; On                 ;
; Auto Open-Drain Pins                                                       ; On                 ; On                 ;
; Perform WYSIWYG Primitive Resynthesis                                      ; Off                ; Off                ;
; Auto ROM Replacement                                                       ; On                 ; On                 ;
; Auto RAM Replacement                                                       ; On                 ; On                 ;
; Auto DSP Block Replacement                                                 ; On                 ; On                 ;
; Auto Shift Register Replacement                                            ; Auto               ; Auto               ;
; Allow Shift Register Merging across Hierarchies                            ; Auto               ; Auto               ;
; Auto Clock Enable Replacement                                              ; On                 ; On                 ;
; Strict RAM Replacement                                                     ; Off                ; Off                ;
; Allow Synchronous Control Signals                                          ; On                 ; On                 ;
; Force Use of Synchronous Clear Signals                                     ; Off                ; Off                ;
; Auto RAM Block Balancing                                                   ; On                 ; On                 ;
; Auto RAM to Logic Cell Conversion                                          ; Off                ; Off                ;
; Auto Resource Sharing                                                      ; Off                ; Off                ;
; Allow Any RAM Size For Recognition                                         ; Off                ; Off                ;
; Allow Any ROM Size For Recognition                                         ; Off                ; Off                ;
; Allow Any Shift Register Size For Recognition                              ; Off                ; Off                ;
; Use LogicLock Constraints during Resource Balancing                        ; On                 ; On                 ;
; Ignore translate_off and synthesis_off directives                          ; Off                ; Off                ;
; Timing-Driven Synthesis                                                    ; On                 ; On                 ;
; Report Parameter Settings                                                  ; On                 ; On                 ;
; Report Source Assignments                                                  ; On                 ; On                 ;
; Report Connectivity Checks                                                 ; On                 ; On                 ;
; Ignore Maximum Fan-Out Assignments                                         ; Off                ; Off                ;
; Synchronization Register Chain Length                                      ; 2                  ; 2                  ;
; PowerPlay Power Optimization                                               ; Normal compilation ; Normal compilation ;
; HDL message level                                                          ; Level2             ; Level2             ;
; Suppress Register Optimization Related Messages                            ; Off                ; Off                ;
; Number of Removed Registers Reported in Synthesis Report                   ; 5000               ; 5000               ;
; Number of Swept Nodes Reported in Synthesis Report                         ; 5000               ; 5000               ;
; Number of Inverted Registers Reported in Synthesis Report                  ; 100                ; 100                ;
; Clock MUX Protection                                                       ; On                 ; On                 ;
; Auto Gated Clock Conversion                                                ; Off                ; Off                ;
; Block Design Naming                                                        ; Auto               ; Auto               ;
; SDC constraint protection                                                  ; Off                ; Off                ;
; Synthesis Effort                                                           ; Auto               ; Auto               ;
; Shift Register Replacement - Allow Asynchronous Clear Signal               ; On                 ; On                 ;
; Pre-Mapping Resynthesis Optimization                                       ; Off                ; Off                ;
; Analysis & Synthesis Message Level                                         ; Medium             ; Medium             ;
; Disable Register Merging Across Hierarchies                                ; Auto               ; Auto               ;
; Resource Aware Inference For Block RAM                                     ; On                 ; On                 ;
; Synthesis Seed                                                             ; 1                  ; 1                  ;
+----------------------------------------------------------------------------+--------------------+--------------------+


Parallel compilation was disabled, but you have multiple processors available. Enable parallel compilation to reduce compilation time.
+-------------------------------------+
; Parallel Compilation                ;
+----------------------------+--------+
; Processors                 ; Number ;
+----------------------------+--------+
; Number detected on machine ; 8      ;
; Maximum allowed            ; 1      ;
+----------------------------+--------+


+------------------------------------------------------------------------------------------------------------------------------------------------------------------------------+
; Analysis & Synthesis Source Files Read                                                                                                                                       ;
+----------------------------------+-----------------+----------------------------------------+----------------------------------------------------------------------+---------+
; File Name with User-Entered Path ; Used in Netlist ; File Type                              ; File Name with Absolute Path                                         ; Library ;
+----------------------------------+-----------------+----------------------------------------+----------------------------------------------------------------------+---------+
; mp.vhd                           ; yes             ; Auto-Found VHDL File                   ; C:/altera/13.1/quartus/bin64/work/mp1/mp.vhd                         ;         ;
; cu.vhd                           ; yes             ; Auto-Found VHDL File                   ; C:/altera/13.1/quartus/bin64/work/mp1/cu.vhd                         ;         ;
; dp.vhd                           ; yes             ; Auto-Found VHDL File                   ; C:/altera/13.1/quartus/bin64/work/mp1/dp.vhd                         ;         ;
; reg.vhd                          ; yes             ; Auto-Found VHDL File                   ; C:/altera/13.1/quartus/bin64/work/mp1/reg.vhd                        ;         ;
; mux2.vhd                         ; yes             ; Auto-Found VHDL File                   ; C:/altera/13.1/quartus/bin64/work/mp1/mux2.vhd                       ;         ;
; increment.vhd                    ; yes             ; Auto-Found VHDL File                   ; C:/altera/13.1/quartus/bin64/work/mp1/increment.vhd                  ;         ;
; lpm_rom.tdf                      ; yes             ; Megafunction                           ; c:/altera/13.1/quartus/libraries/megafunctions/lpm_rom.tdf           ;         ;
; altrom.inc                       ; yes             ; Megafunction                           ; c:/altera/13.1/quartus/libraries/megafunctions/altrom.inc            ;         ;
; aglobal131.inc                   ; yes             ; Megafunction                           ; c:/altera/13.1/quartus/libraries/megafunctions/aglobal131.inc        ;         ;
; altrom.tdf                       ; yes             ; Megafunction                           ; c:/altera/13.1/quartus/libraries/megafunctions/altrom.tdf            ;         ;
; memmodes.inc                     ; yes             ; Megafunction                           ; c:/altera/13.1/quartus/libraries/others/maxplus2/memmodes.inc        ;         ;
; lpm_decode.inc                   ; yes             ; Megafunction                           ; c:/altera/13.1/quartus/libraries/megafunctions/lpm_decode.inc        ;         ;
; lpm_mux.inc                      ; yes             ; Megafunction                           ; c:/altera/13.1/quartus/libraries/megafunctions/lpm_mux.inc           ;         ;
; altsyncram.inc                   ; yes             ; Megafunction                           ; c:/altera/13.1/quartus/libraries/megafunctions/altsyncram.inc        ;         ;
; altsyncram.tdf                   ; yes             ; Megafunction                           ; c:/altera/13.1/quartus/libraries/megafunctions/altsyncram.tdf        ;         ;
; stratix_ram_block.inc            ; yes             ; Megafunction                           ; c:/altera/13.1/quartus/libraries/megafunctions/stratix_ram_block.inc ;         ;
; a_rdenreg.inc                    ; yes             ; Megafunction                           ; c:/altera/13.1/quartus/libraries/megafunctions/a_rdenreg.inc         ;         ;
; altram.inc                       ; yes             ; Megafunction                           ; c:/altera/13.1/quartus/libraries/megafunctions/altram.inc            ;         ;
; altdpram.inc                     ; yes             ; Megafunction                           ; c:/altera/13.1/quartus/libraries/megafunctions/altdpram.inc          ;         ;
; db/altsyncram_8e01.tdf           ; yes             ; Auto-Generated Megafunction            ; C:/altera/13.1/quartus/bin64/work/mp1/db/altsyncram_8e01.tdf         ;         ;
; program.mif                      ; yes             ; Auto-Found Memory Initialization File  ; C:/altera/13.1/quartus/bin64/work/mp1/program.mif                    ;         ;
; decrement.vhd                    ; yes             ; Auto-Found VHDL File                   ; C:/altera/13.1/quartus/bin64/work/mp1/decrement.vhd                  ;         ;
+----------------------------------+-----------------+----------------------------------------+----------------------------------------------------------------------+---------+


+---------------------------------------------+
; Analysis & Synthesis Resource Usage Summary ;
+--------------------------+------------------+
; Resource                 ; Usage            ;
+--------------------------+------------------+
; I/O pins                 ; 19               ;
; Total memory bits        ; 112              ;
; DSP block 9-bit elements ; 0                ;
; Maximum fan-out node     ; Clock~input      ;
; Maximum fan-out          ; 29               ;
; Total fan-out            ; 245              ;
; Average fan-out          ; 2.61             ;
+--------------------------+------------------+


+-----------------------------------------------------------------------------------------------------------------------------------------------------------------------------------------------------------------------------------------------------------------------------------+
; Analysis & Synthesis Resource Utilization by Entity                                                                                                                                                                                                                               ;
+-------------------------------------------------+-------------------+--------------+-------------+--------------+---------+-----------+-----------+------+--------------+------------------------------------------------------------------------------------------+--------------+
; Compilation Hierarchy Node                      ; LC Combinationals ; LC Registers ; Memory Bits ; DSP Elements ; DSP 9x9 ; DSP 18x18 ; DSP 36x36 ; Pins ; Virtual Pins ; Full Hierarchy Name                                                                      ; Library Name ;
+-------------------------------------------------+-------------------+--------------+-------------+--------------+---------+-----------+-----------+------+--------------+------------------------------------------------------------------------------------------+--------------+
; |mp                                             ; 27 (0)            ; 22 (0)       ; 112         ; 0            ; 0       ; 0         ; 0         ; 19   ; 0            ; |mp                                                                                      ; work         ;
;    |cu:U0|                                      ; 11 (11)           ; 3 (3)        ; 0           ; 0            ; 0       ; 0         ; 0         ; 0    ; 0            ; |mp|cu:U0                                                                                ; work         ;
;    |dp:U1|                                      ; 16 (2)            ; 19 (0)       ; 112         ; 0            ; 0       ; 0         ; 0         ; 0    ; 0            ; |mp|dp:U1                                                                                ; work         ;
;       |increment:U3_inc|                        ; 2 (2)             ; 0 (0)        ; 0           ; 0            ; 0       ; 0         ; 0         ; 0    ; 0            ; |mp|dp:U1|increment:U3_inc                                                               ; work         ;
;       |lpm_rom:U4_ROM|                          ; 0 (0)             ; 0 (0)        ; 112         ; 0            ; 0       ; 0         ; 0         ; 0    ; 0            ; |mp|dp:U1|lpm_rom:U4_ROM                                                                 ; work         ;
;          |altrom:srom|                          ; 0 (0)             ; 0 (0)        ; 112         ; 0            ; 0       ; 0         ; 0         ; 0    ; 0            ; |mp|dp:U1|lpm_rom:U4_ROM|altrom:srom                                                     ; work         ;
;             |altsyncram:rom_block|              ; 0 (0)             ; 0 (0)        ; 112         ; 0            ; 0       ; 0         ; 0         ; 0    ; 0            ; |mp|dp:U1|lpm_rom:U4_ROM|altrom:srom|altsyncram:rom_block                                ; work         ;
;                |altsyncram_8e01:auto_generated| ; 0 (0)             ; 0 (0)        ; 112         ; 0            ; 0       ; 0         ; 0         ; 0    ; 0            ; |mp|dp:U1|lpm_rom:U4_ROM|altrom:srom|altsyncram:rom_block|altsyncram_8e01:auto_generated ; work         ;
;       |mux2:U1_JNZmux|                          ; 4 (4)             ; 0 (0)        ; 0           ; 0            ; 0       ; 0         ; 0         ; 0    ; 0            ; |mp|dp:U1|mux2:U1_JNZmux                                                                 ; work         ;
;       |reg:U0_IR|                               ; 0 (0)             ; 7 (7)        ; 0           ; 0            ; 0       ; 0         ; 0         ; 0    ; 0            ; |mp|dp:U1|reg:U0_IR                                                                      ; work         ;
;       |reg:U2_PC|                               ; 0 (0)             ; 4 (4)        ; 0           ; 0            ; 0       ; 0         ; 0         ; 0    ; 0            ; |mp|dp:U1|reg:U2_PC                                                                      ; work         ;
;       |reg:U6_A|                                ; 8 (8)             ; 8 (8)        ; 0           ; 0            ; 0       ; 0         ; 0         ; 0    ; 0            ; |mp|dp:U1|reg:U6_A                                                                       ; work         ;
+-------------------------------------------------+-------------------+--------------+-------------+--------------+---------+-----------+-----------+------+--------------+------------------------------------------------------------------------------------------+--------------+
Note: For table entries with two numbers listed, the numbers in parentheses indicate the number of resources of the given type used by the specific entity alone. The numbers listed outside of parentheses indicate the total resources of the given type used by the specific entity and all of its sub-entities in the hierarchy.


+------------------------------------------------------------------------------------------------------------------------------------------------------------------------------------------------+
; Analysis & Synthesis RAM Summary                                                                                                                                                               ;
+-------------------------------------------------------------------------------------------------+------+------+--------------+--------------+--------------+--------------+------+-------------+
; Name                                                                                            ; Type ; Mode ; Port A Depth ; Port A Width ; Port B Depth ; Port B Width ; Size ; MIF         ;
+-------------------------------------------------------------------------------------------------+------+------+--------------+--------------+--------------+--------------+------+-------------+
; dp:U1|lpm_rom:U4_ROM|altrom:srom|altsyncram:rom_block|altsyncram_8e01:auto_generated|ALTSYNCRAM ; AUTO ; ROM  ; 16           ; 8            ; --           ; --           ; 128  ; program.mif ;
+-------------------------------------------------------------------------------------------------+------+------+--------------+--------------+--------------+--------------+------+-------------+


+------------------------------------------------------+
; General Register Statistics                          ;
+----------------------------------------------+-------+
; Statistic                                    ; Value ;
+----------------------------------------------+-------+
; Total registers                              ; 22    ;
; Number of registers using Synchronous Clear  ; 0     ;
; Number of registers using Synchronous Load   ; 8     ;
; Number of registers using Asynchronous Clear ; 22    ;
; Number of registers using Asynchronous Load  ; 0     ;
; Number of registers using Clock Enable       ; 19    ;
; Number of registers using Preset             ; 0     ;
+----------------------------------------------+-------+


+-------------------------------------------------------------------------------------------------------------+
; Source assignments for dp:U1|LPM_ROM:U4_ROM|altrom:srom|altsyncram:rom_block|altsyncram_8e01:auto_generated ;
+---------------------------------+--------------------+------+-----------------------------------------------+
; Assignment                      ; Value              ; From ; To                                            ;
+---------------------------------+--------------------+------+-----------------------------------------------+
; OPTIMIZE_POWER_DURING_SYNTHESIS ; NORMAL_COMPILATION ; -    ; -                                             ;
+---------------------------------+--------------------+------+-----------------------------------------------+


+--------------------------------------------------------------+
; Parameter Settings for User Entity Instance: dp:U1|reg:U0_IR ;
+----------------+-------+-------------------------------------+
; Parameter Name ; Value ; Type                                ;
+----------------+-------+-------------------------------------+
; size           ; 8     ; Signed Integer                      ;
+----------------+-------+-------------------------------------+
Note: In order to hide this table in the UI and the text report file, please set the "Show Parameter Settings in Synthesis Report" option in "Analysis and Synthesis Settings -> More Settings" to "Off".


+-------------------------------------------------------------------+
; Parameter Settings for User Entity Instance: dp:U1|mux2:U1_JNZmux ;
+----------------+-------+------------------------------------------+
; Parameter Name ; Value ; Type                                     ;
+----------------+-------+------------------------------------------+
; size           ; 4     ; Signed Integer                           ;
+----------------+-------+------------------------------------------+
Note: In order to hide this table in the UI and the text report file, please set the "Show Parameter Settings in Synthesis Report" option in "Analysis and Synthesis Settings -> More Settings" to "Off".


+--------------------------------------------------------------+
; Parameter Settings for User Entity Instance: dp:U1|reg:U2_PC ;
+----------------+-------+-------------------------------------+
; Parameter Name ; Value ; Type                                ;
+----------------+-------+-------------------------------------+
; size           ; 4     ; Signed Integer                      ;
+----------------+-------+-------------------------------------+
Note: In order to hide this table in the UI and the text report file, please set the "Show Parameter Settings in Synthesis Report" option in "Analysis and Synthesis Settings -> More Settings" to "Off".


+---------------------------------------------------------------------+
; Parameter Settings for User Entity Instance: dp:U1|increment:U3_inc ;
+----------------+-------+--------------------------------------------+
; Parameter Name ; Value ; Type                                       ;
+----------------+-------+--------------------------------------------+
; size           ; 4     ; Signed Integer                             ;
+----------------+-------+--------------------------------------------+
Note: In order to hide this table in the UI and the text report file, please set the "Show Parameter Settings in Synthesis Report" option in "Analysis and Synthesis Settings -> More Settings" to "Off".


+-------------------------------------------------------------------+
; Parameter Settings for User Entity Instance: dp:U1|LPM_ROM:U4_ROM ;
+------------------------+---------------+--------------------------+
; Parameter Name         ; Value         ; Type                     ;
+------------------------+---------------+--------------------------+
; LPM_WIDTH              ; 8             ; Signed Integer           ;
; LPM_WIDTHAD            ; 4             ; Signed Integer           ;
; LPM_NUMWORDS           ; 0             ; Signed Integer           ;
; LPM_ADDRESS_CONTROL    ; REGISTERED    ; Untyped                  ;
; LPM_OUTDATA            ; UNREGISTERED  ; Untyped                  ;
; LPM_FILE               ; program.mif   ; Untyped                  ;
; DEVICE_FAMILY          ; Cyclone IV GX ; Untyped                  ;
; AUTO_CARRY_CHAINS      ; ON            ; AUTO_CARRY               ;
; IGNORE_CARRY_BUFFERS   ; OFF           ; IGNORE_CARRY             ;
; AUTO_CASCADE_CHAINS    ; ON            ; AUTO_CASCADE             ;
; IGNORE_CASCADE_BUFFERS ; OFF           ; IGNORE_CASCADE           ;
+------------------------+---------------+--------------------------+
Note: In order to hide this table in the UI and the text report file, please set the "Show Parameter Settings in Synthesis Report" option in "Analysis and Synthesis Settings -> More Settings" to "Off".


+------------------------------------------------------------------+
; Parameter Settings for User Entity Instance: dp:U1|mux2:U5_INmux ;
+----------------+-------+-----------------------------------------+
; Parameter Name ; Value ; Type                                    ;
+----------------+-------+-----------------------------------------+
; size           ; 8     ; Signed Integer                          ;
+----------------+-------+-----------------------------------------+
Note: In order to hide this table in the UI and the text report file, please set the "Show Parameter Settings in Synthesis Report" option in "Analysis and Synthesis Settings -> More Settings" to "Off".


+-------------------------------------------------------------+
; Parameter Settings for User Entity Instance: dp:U1|reg:U6_A ;
+----------------+-------+------------------------------------+
; Parameter Name ; Value ; Type                               ;
+----------------+-------+------------------------------------+
; size           ; 8     ; Signed Integer                     ;
+----------------+-------+------------------------------------+
Note: In order to hide this table in the UI and the text report file, please set the "Show Parameter Settings in Synthesis Report" option in "Analysis and Synthesis Settings -> More Settings" to "Off".


+---------------------------------------------------------------------+
; Parameter Settings for User Entity Instance: dp:U1|decrement:U7_dec ;
+----------------+-------+--------------------------------------------+
; Parameter Name ; Value ; Type                                       ;
+----------------+-------+--------------------------------------------+
; size           ; 8     ; Signed Integer                             ;
+----------------+-------+--------------------------------------------+
Note: In order to hide this table in the UI and the text report file, please set the "Show Parameter Settings in Synthesis Report" option in "Analysis and Synthesis Settings -> More Settings" to "Off".


+----------------------------------------------------------------------------------------------------------------+
; Port Connectivity Checks: "dp:U1|reg:U0_IR"                                                                    ;
+------+--------+----------+-------------------------------------------------------------------------------------+
; Port ; Type   ; Severity ; Details                                                                             ;
+------+--------+----------+-------------------------------------------------------------------------------------+
; q[4] ; Output ; Info     ; Connected to dangling logic. Logic that only feeds a dangling port will be removed. ;
+------+--------+----------+-------------------------------------------------------------------------------------+


+-------------------------------+
; Elapsed Time Per Partition    ;
+----------------+--------------+
; Partition Name ; Elapsed Time ;
+----------------+--------------+
; Top            ; 00:00:00     ;
+----------------+--------------+


+-------------------------------+
; Analysis & Synthesis Messages ;
+-------------------------------+
Info: *******************************************************************
Info: Running Quartus II 64-Bit Analysis & Synthesis
    Info: Version 13.1.0 Build 162 10/23/2013 SJ Web Edition
    Info: Processing started: Sat May 22 20:29:19 2021
Info: Command: quartus_map --read_settings_files=on --write_settings_files=off mp -c mp
Warning (20028): Parallel compilation is not licensed and has been disabled
Warning (12125): Using design file mp.vhd, which is not specified as a design file for the current project, but contains definitions for 2 design units and 1 entities in project
    Info (12022): Found design unit 1: mp-Structural
    Info (12023): Found entity 1: mp
Info (12127): Elaborating entity "mp" for the top level hierarchy
Warning (12125): Using design file cu.vhd, which is not specified as a design file for the current project, but contains definitions for 2 design units and 1 entities in project
    Info (12022): Found design unit 1: cu-FSM
    Info (12023): Found entity 1: cu
Info (12128): Elaborating entity "cu" for hierarchy "cu:U0"
Warning (10492): VHDL Process Statement warning at cu.vhd(79): signal "Aneq0" is read inside the Process Statement but isn't in the Process Statement's sensitivity list
Warning (12125): Using design file dp.vhd, which is not specified as a design file for the current project, but contains definitions for 2 design units and 1 entities in project
    Info (12022): Found design unit 1: dp-Structural
    Info (12023): Found entity 1: dp
Info (12128): Elaborating entity "dp" for hierarchy "dp:U1"
Warning (12125): Using design file reg.vhd, which is not specified as a design file for the current project, but contains definitions for 2 design units and 1 entities in project
    Info (12022): Found design unit 1: reg-Behavior
    Info (12023): Found entity 1: reg
Info (12128): Elaborating entity "reg" for hierarchy "dp:U1|reg:U0_IR"
Warning (12125): Using design file mux2.vhd, which is not specified as a design file for the current project, but contains definitions for 2 design units and 1 entities in project
    Info (12022): Found design unit 1: mux2-Behavioral
    Info (12023): Found entity 1: mux2
Info (12128): Elaborating entity "mux2" for hierarchy "dp:U1|mux2:U1_JNZmux"
Info (12128): Elaborating entity "reg" for hierarchy "dp:U1|reg:U2_PC"
Warning (12125): Using design file increment.vhd, which is not specified as a design file for the current project, but contains definitions for 2 design units and 1 entities in project
    Info (12022): Found design unit 1: increment-Dataflow
    Info (12023): Found entity 1: increment
Info (12128): Elaborating entity "increment" for hierarchy "dp:U1|increment:U3_inc"
Info (12128): Elaborating entity "LPM_ROM" for hierarchy "dp:U1|LPM_ROM:U4_ROM"
Info (12130): Elaborated megafunction instantiation "dp:U1|LPM_ROM:U4_ROM"
Info (12133): Instantiated megafunction "dp:U1|LPM_ROM:U4_ROM" with the following parameter:
    Info (12134): Parameter "LPM_WIDTH" = "8"
    Info (12134): Parameter "LPM_WIDTHAD" = "4"
    Info (12134): Parameter "LPM_NUMWORDS" = "0"
    Info (12134): Parameter "LPM_ADDRESS_CONTROL" = "REGISTERED"
    Info (12134): Parameter "LPM_OUTDATA" = "UNREGISTERED"
    Info (12134): Parameter "LPM_FILE" = "program.mif"
    Info (12134): Parameter "LPM_TYPE" = "LPM_ROM"
    Info (12134): Parameter "INTENDED_DEVICE_FAMILY" = "UNUSED"
    Info (12134): Parameter "LPM_HINT" = "UNUSED"
Info (12128): Elaborating entity "altrom" for hierarchy "dp:U1|LPM_ROM:U4_ROM|altrom:srom"
Info (12131): Elaborated megafunction instantiation "dp:U1|LPM_ROM:U4_ROM|altrom:srom", which is child of megafunction instantiation "dp:U1|LPM_ROM:U4_ROM"
Info (12128): Elaborating entity "altsyncram" for hierarchy "dp:U1|LPM_ROM:U4_ROM|altrom:srom|altsyncram:rom_block"
Info (12131): Elaborated megafunction instantiation "dp:U1|LPM_ROM:U4_ROM|altrom:srom|altsyncram:rom_block", which is child of megafunction instantiation "dp:U1|LPM_ROM:U4_ROM"
Info (12021): Found 1 design units, including 1 entities, in source file db/altsyncram_8e01.tdf
    Info (12023): Found entity 1: altsyncram_8e01
Info (12128): Elaborating entity "altsyncram_8e01" for hierarchy "dp:U1|LPM_ROM:U4_ROM|altrom:srom|altsyncram:rom_block|altsyncram_8e01:auto_generated"
Info (12128): Elaborating entity "mux2" for hierarchy "dp:U1|mux2:U5_INmux"
Warning (12125): Using design file decrement.vhd, which is not specified as a design file for the current project, but contains definitions for 2 design units and 1 entities in project
    Info (12022): Found design unit 1: decrement-Dataflow
    Info (12023): Found entity 1: decrement
Info (12128): Elaborating entity "decrement" for hierarchy "dp:U1|decrement:U7_dec"
Warning (14284): Synthesized away the following node(s):
    Warning (14285): Synthesized away the following RAM node(s):
        Warning (14320): Synthesized away node "dp:U1|lpm_rom:U4_ROM|altrom:srom|altsyncram:rom_block|altsyncram_8e01:auto_generated|q_a[4]"
Warning (13046): Tri-state node(s) do not directly drive top-level pin(s)
    Warning (13049): Converted tri-state buffer "dp:U1|lpm_rom:U4_ROM|otri[7]" feeding internal logic into a wire
    Warning (13049): Converted tri-state buffer "dp:U1|lpm_rom:U4_ROM|otri[6]" feeding internal logic into a wire
    Warning (13049): Converted tri-state buffer "dp:U1|lpm_rom:U4_ROM|otri[5]" feeding internal logic into a wire
    Warning (13049): Converted tri-state buffer "dp:U1|lpm_rom:U4_ROM|otri[3]" feeding internal logic into a wire
    Warning (13049): Converted tri-state buffer "dp:U1|lpm_rom:U4_ROM|otri[2]" feeding internal logic into a wire
    Warning (13049): Converted tri-state buffer "dp:U1|lpm_rom:U4_ROM|otri[1]" feeding internal logic into a wire
    Warning (13049): Converted tri-state buffer "dp:U1|lpm_rom:U4_ROM|otri[0]" feeding internal logic into a wire
Info (286030): Timing-Driven Synthesis is running
Info (16010): Generating hard_block partition "hard_block:auto_generated_inst"
    Info (16011): Adding 0 node(s), including 0 DDIO, 0 PLL, 0 transceiver and 0 LCELL
Info (21057): Implemented 60 device resources after synthesis - the final resource count might be different
    Info (21058): Implemented 10 input pins
    Info (21059): Implemented 9 output pins
    Info (21061): Implemented 34 logic cells
    Info (21064): Implemented 7 RAM segments
Info: Quartus II 64-Bit Analysis & Synthesis was successful. 0 errors, 20 warnings
    Info: Peak virtual memory: 4724 megabytes
    Info: Processing ended: Sat May 22 20:29:23 2021
    Info: Elapsed time: 00:00:04
    Info: Total CPU time (on all processors): 00:00:02


