Analysis & Synthesis report for lab_10_mp_EC2
Sat May 29 20:27:03 2021
Quartus II 64-Bit Version 13.1.0 Build 162 10/23/2013 SJ Web Edition


---------------------
; Table of Contents ;
---------------------
  1. Legal Notice
  2. Analysis & Synthesis Summary
  3. Analysis & Synthesis Settings
  4. Parallel Compilation
  5. Analysis & Synthesis Source Files Read
  6. Analysis & Synthesis Resource Usage Summary
  7. Analysis & Synthesis Resource Utilization by Entity
  8. Analysis & Synthesis RAM Summary
  9. State Machine - |lab_10_mp_EC2|state
 10. General Register Statistics
 11. Multiplexer Restructuring Statistics (Restructuring Performed)
 12. Source assignments for LPM_RAM_DQ:memory|altram:sram|altsyncram:ram_block|altsyncram_74a1:auto_generated
 13. Parameter Settings for User Entity Instance: LPM_RAM_DQ:memory
 14. Elapsed Time Per Partition
 15. Analysis & Synthesis Messages



----------------
; Legal Notice ;
----------------
Copyright (C) 1991-2013 Altera Corporation
Your use of Altera Corporation's design tools, logic functions 
and other software and tools, and its AMPP partner logic 
functions, and any output files from any of the foregoing 
(including device programming or simulation files), and any 
associated documentation or information are expressly subject 
to the terms and conditions of the Altera Program License 
Subscription Agreement, Altera MegaCore Function License 
Agreement, or other applicable license agreement, including, 
without limitation, that your use is for the sole purpose of 
programming logic devices manufactured by Altera and sold by 
Altera or its authorized distributors.  Please refer to the 
applicable agreement for further details.



+---------------------------------------------------------------------------------+
; Analysis & Synthesis Summary                                                    ;
+------------------------------------+--------------------------------------------+
; Analysis & Synthesis Status        ; Successful - Sat May 29 20:27:03 2021      ;
; Quartus II 64-Bit Version          ; 13.1.0 Build 162 10/23/2013 SJ Web Edition ;
; Revision Name                      ; lab_10_mp_EC2                              ;
; Top-level Entity Name              ; lab_10_mp_EC2                              ;
; Family                             ; Cyclone IV E                               ;
; Total logic elements               ; 71                                         ;
;     Total combinational functions  ; 57                                         ;
;     Dedicated logic registers      ; 44                                         ;
; Total registers                    ; 44                                         ;
; Total pins                         ; 20                                         ;
; Total virtual pins                 ; 0                                          ;
; Total memory bits                  ; 256                                        ;
; Embedded Multiplier 9-bit elements ; 0                                          ;
; Total PLLs                         ; 0                                          ;
+------------------------------------+--------------------------------------------+


+----------------------------------------------------------------------------------------------------------------------+
; Analysis & Synthesis Settings                                                                                        ;
+----------------------------------------------------------------------------+--------------------+--------------------+
; Option                                                                     ; Setting            ; Default Value      ;
+----------------------------------------------------------------------------+--------------------+--------------------+
; Top-level entity name                                                      ; lab_10_mp_EC2      ; lab_10_mp_EC2      ;
; Family name                                                                ; Cyclone IV E       ; Cyclone IV GX      ;
; Use smart compilation                                                      ; Off                ; Off                ;
; Enable parallel Assembler and TimeQuest Timing Analyzer during compilation ; On                 ; On                 ;
; Enable compact report table                                                ; Off                ; Off                ;
; Restructure Multiplexers                                                   ; Auto               ; Auto               ;
; Create Debugging Nodes for IP Cores                                        ; Off                ; Off                ;
; Preserve fewer node names                                                  ; On                 ; On                 ;
; Disable OpenCore Plus hardware evaluation                                  ; Off                ; Off                ;
; Verilog Version                                                            ; Verilog_2001       ; Verilog_2001       ;
; VHDL Version                                                               ; VHDL_1993          ; VHDL_1993          ;
; State Machine Processing                                                   ; Auto               ; Auto               ;
; Safe State Machine                                                         ; Off                ; Off                ;
; Extract Verilog State Machines                                             ; On                 ; On                 ;
; Extract VHDL State Machines                                                ; On                 ; On                 ;
; Ignore Verilog initial constructs                                          ; Off                ; Off                ;
; Iteration limit for constant Verilog loops                                 ; 5000               ; 5000               ;
; Iteration limit for non-constant Verilog loops                             ; 250                ; 250                ;
; Add Pass-Through Logic to Inferred RAMs                                    ; On                 ; On                 ;
; Infer RAMs from Raw Logic                                                  ; On                 ; On                 ;
; Parallel Synthesis                                                         ; On                 ; On                 ;
; DSP Block Balancing                                                        ; Auto               ; Auto               ;
; NOT Gate Push-Back                                                         ; On                 ; On                 ;
; Power-Up Don't Care                                                        ; On                 ; On                 ;
; Remove Redundant Logic Cells                                               ; Off                ; Off                ;
; Remove Duplicate Registers                                                 ; On                 ; On                 ;
; Ignore CARRY Buffers                                                       ; Off                ; Off                ;
; Ignore CASCADE Buffers                                                     ; Off                ; Off                ;
; Ignore GLOBAL Buffers                                                      ; Off                ; Off                ;
; Ignore ROW GLOBAL Buffers                                                  ; Off                ; Off                ;
; Ignore LCELL Buffers                                                       ; Off                ; Off                ;
; Ignore SOFT Buffers                                                        ; On                 ; On                 ;
; Limit AHDL Integers to 32 Bits                                             ; Off                ; Off                ;
; Optimization Technique                                                     ; Balanced           ; Balanced           ;
; Carry Chain Length                                                         ; 70                 ; 70                 ;
; Auto Carry Chains                                                          ; On                 ; On                 ;
; Auto Open-Drain Pins                                                       ; On                 ; On                 ;
; Perform WYSIWYG Primitive Resynthesis                                      ; Off                ; Off                ;
; Auto ROM Replacement                                                       ; On                 ; On                 ;
; Auto RAM Replacement                                                       ; On                 ; On                 ;
; Auto DSP Block Replacement                                                 ; On                 ; On                 ;
; Auto Shift Register Replacement                                            ; Auto               ; Auto               ;
; Allow Shift Register Merging across Hierarchies                            ; Auto               ; Auto               ;
; Auto Clock Enable Replacement                                              ; On                 ; On                 ;
; Strict RAM Replacement                                                     ; Off                ; Off                ;
; Allow Synchronous Control Signals                                          ; On                 ; On                 ;
; Force Use of Synchronous Clear Signals                                     ; Off                ; Off                ;
; Auto RAM Block Balancing                                                   ; On                 ; On                 ;
; Auto RAM to Logic Cell Conversion                                          ; Off                ; Off                ;
; Auto Resource Sharing                                                      ; Off                ; Off                ;
; Allow Any RAM Size For Recognition                                         ; Off                ; Off                ;
; Allow Any ROM Size For Recognition                                         ; Off                ; Off                ;
; Allow Any Shift Register Size For Recognition                              ; Off                ; Off                ;
; Use LogicLock Constraints during Resource Balancing                        ; On                 ; On                 ;
; Ignore translate_off and synthesis_off directives                          ; Off                ; Off                ;
; Timing-Driven Synthesis                                                    ; On                 ; On                 ;
; Report Parameter Settings                                                  ; On                 ; On                 ;
; Report Source Assignments                                                  ; On                 ; On                 ;
; Report Connectivity Checks                                                 ; On                 ; On                 ;
; Ignore Maximum Fan-Out Assignments                                         ; Off                ; Off                ;
; Synchronization Register Chain Length                                      ; 2                  ; 2                  ;
; PowerPlay Power Optimization                                               ; Normal compilation ; Normal compilation ;
; HDL message level                                                          ; Level2             ; Level2             ;
; Suppress Register Optimization Related Messages                            ; Off                ; Off                ;
; Number of Removed Registers Reported in Synthesis Report                   ; 5000               ; 5000               ;
; Number of Swept Nodes Reported in Synthesis Report                         ; 5000               ; 5000               ;
; Number of Inverted Registers Reported in Synthesis Report                  ; 100                ; 100                ;
; Clock MUX Protection                                                       ; On                 ; On                 ;
; Auto Gated Clock Conversion                                                ; Off                ; Off                ;
; Block Design Naming                                                        ; Auto               ; Auto               ;
; SDC constraint protection                                                  ; Off                ; Off                ;
; Synthesis Effort                                                           ; Auto               ; Auto               ;
; Shift Register Replacement - Allow Asynchronous Clear Signal               ; On                 ; On                 ;
; Pre-Mapping Resynthesis Optimization                                       ; Off                ; Off                ;
; Analysis & Synthesis Message Level                                         ; Medium             ; Medium             ;
; Disable Register Merging Across Hierarchies                                ; Auto               ; Auto               ;
; Resource Aware Inference For Block RAM                                     ; On                 ; On                 ;
; Synthesis Seed                                                             ; 1                  ; 1                  ;
+----------------------------------------------------------------------------+--------------------+--------------------+


Parallel compilation was disabled, but you have multiple processors available. Enable parallel compilation to reduce compilation time.
+-------------------------------------+
; Parallel Compilation                ;
+----------------------------+--------+
; Processors                 ; Number ;
+----------------------------+--------+
; Number detected on machine ; 8      ;
; Maximum allowed            ; 1      ;
+----------------------------+--------+


+------------------------------------------------------------------------------------------------------------------------------------------------------------------------+
; Analysis & Synthesis Source Files Read                                                                                                                                 ;
+----------------------------------+-----------------+----------------------------------+----------------------------------------------------------------------+---------+
; File Name with User-Entered Path ; Used in Netlist ; File Type                        ; File Name with Absolute Path                                         ; Library ;
+----------------------------------+-----------------+----------------------------------+----------------------------------------------------------------------+---------+
; program_EC2.mif                  ; yes             ; User Memory Initialization File  ; C:/altera/13.1/quartus/bin64/work/lab_10/program_EC2.mif             ;         ;
; lab_10_mp_ec2.vhd                ; yes             ; Auto-Found VHDL File             ; C:/altera/13.1/quartus/bin64/work/lab_10/lab_10_mp_ec2.vhd           ;         ;
; lpm_ram_dq.tdf                   ; yes             ; Megafunction                     ; c:/altera/13.1/quartus/libraries/megafunctions/lpm_ram_dq.tdf        ;         ;
; altram.inc                       ; yes             ; Megafunction                     ; c:/altera/13.1/quartus/libraries/megafunctions/altram.inc            ;         ;
; lpm_mux.inc                      ; yes             ; Megafunction                     ; c:/altera/13.1/quartus/libraries/megafunctions/lpm_mux.inc           ;         ;
; lpm_decode.inc                   ; yes             ; Megafunction                     ; c:/altera/13.1/quartus/libraries/megafunctions/lpm_decode.inc        ;         ;
; aglobal131.inc                   ; yes             ; Megafunction                     ; c:/altera/13.1/quartus/libraries/megafunctions/aglobal131.inc        ;         ;
; altram.tdf                       ; yes             ; Megafunction                     ; c:/altera/13.1/quartus/libraries/megafunctions/altram.tdf            ;         ;
; memmodes.inc                     ; yes             ; Megafunction                     ; c:/altera/13.1/quartus/libraries/others/maxplus2/memmodes.inc        ;         ;
; altsyncram.inc                   ; yes             ; Megafunction                     ; c:/altera/13.1/quartus/libraries/megafunctions/altsyncram.inc        ;         ;
; altsyncram.tdf                   ; yes             ; Megafunction                     ; c:/altera/13.1/quartus/libraries/megafunctions/altsyncram.tdf        ;         ;
; stratix_ram_block.inc            ; yes             ; Megafunction                     ; c:/altera/13.1/quartus/libraries/megafunctions/stratix_ram_block.inc ;         ;
; a_rdenreg.inc                    ; yes             ; Megafunction                     ; c:/altera/13.1/quartus/libraries/megafunctions/a_rdenreg.inc         ;         ;
; altrom.inc                       ; yes             ; Megafunction                     ; c:/altera/13.1/quartus/libraries/megafunctions/altrom.inc            ;         ;
; altdpram.inc                     ; yes             ; Megafunction                     ; c:/altera/13.1/quartus/libraries/megafunctions/altdpram.inc          ;         ;
; db/altsyncram_74a1.tdf           ; yes             ; Auto-Generated Megafunction      ; C:/altera/13.1/quartus/bin64/work/lab_10/db/altsyncram_74a1.tdf      ;         ;
+----------------------------------+-----------------+----------------------------------+----------------------------------------------------------------------+---------+


+-----------------------------------------------------------+
; Analysis & Synthesis Resource Usage Summary               ;
+---------------------------------------------+-------------+
; Resource                                    ; Usage       ;
+---------------------------------------------+-------------+
; Estimated Total logic elements              ; 71          ;
;                                             ;             ;
; Total combinational functions               ; 57          ;
; Logic element usage by number of LUT inputs ;             ;
;     -- 4 input functions                    ; 15          ;
;     -- 3 input functions                    ; 22          ;
;     -- <=2 input functions                  ; 20          ;
;                                             ;             ;
; Logic elements by mode                      ;             ;
;     -- normal mode                          ; 45          ;
;     -- arithmetic mode                      ; 12          ;
;                                             ;             ;
; Total registers                             ; 44          ;
;     -- Dedicated logic registers            ; 44          ;
;     -- I/O registers                        ; 0           ;
;                                             ;             ;
; I/O pins                                    ; 20          ;
; Total memory bits                           ; 256         ;
; Embedded Multiplier 9-bit elements          ; 0           ;
; Maximum fan-out node                        ; clock~input ;
; Maximum fan-out                             ; 52          ;
; Total fan-out                               ; 436         ;
; Average fan-out                             ; 2.93        ;
+---------------------------------------------+-------------+


+----------------------------------------------------------------------------------------------------------------------------------------------------------------------------------------------------------------------------------------------------------------------------+
; Analysis & Synthesis Resource Utilization by Entity                                                                                                                                                                                                                        ;
+----------------------------------------------+-------------------+--------------+-------------+--------------+---------+-----------+------+--------------+--------------------------------------------------------------------------------------------------+--------------+
; Compilation Hierarchy Node                   ; LC Combinationals ; LC Registers ; Memory Bits ; DSP Elements ; DSP 9x9 ; DSP 18x18 ; Pins ; Virtual Pins ; Full Hierarchy Name                                                                              ; Library Name ;
+----------------------------------------------+-------------------+--------------+-------------+--------------+---------+-----------+------+--------------+--------------------------------------------------------------------------------------------------+--------------+
; |lab_10_mp_EC2                               ; 57 (57)           ; 44 (44)      ; 256         ; 0            ; 0       ; 0         ; 20   ; 0            ; |lab_10_mp_EC2                                                                                   ; work         ;
;    |lpm_ram_dq:memory|                       ; 0 (0)             ; 0 (0)        ; 256         ; 0            ; 0       ; 0         ; 0    ; 0            ; |lab_10_mp_EC2|lpm_ram_dq:memory                                                                 ; work         ;
;       |altram:sram|                          ; 0 (0)             ; 0 (0)        ; 256         ; 0            ; 0       ; 0         ; 0    ; 0            ; |lab_10_mp_EC2|lpm_ram_dq:memory|altram:sram                                                     ; work         ;
;          |altsyncram:ram_block|              ; 0 (0)             ; 0 (0)        ; 256         ; 0            ; 0       ; 0         ; 0    ; 0            ; |lab_10_mp_EC2|lpm_ram_dq:memory|altram:sram|altsyncram:ram_block                                ; work         ;
;             |altsyncram_74a1:auto_generated| ; 0 (0)             ; 0 (0)        ; 256         ; 0            ; 0       ; 0         ; 0    ; 0            ; |lab_10_mp_EC2|lpm_ram_dq:memory|altram:sram|altsyncram:ram_block|altsyncram_74a1:auto_generated ; work         ;
+----------------------------------------------+-------------------+--------------+-------------+--------------+---------+-----------+------+--------------+--------------------------------------------------------------------------------------------------+--------------+
Note: For table entries with two numbers listed, the numbers in parentheses indicate the number of resources of the given type used by the specific entity alone. The numbers listed outside of parentheses indicate the total resources of the given type used by the specific entity and all of its sub-entities in the hierarchy.


+--------------------------------------------------------------------------------------------------------------------------------------------------------------------------------------------------------+
; Analysis & Synthesis RAM Summary                                                                                                                                                                       ;
+----------------------------------------------------------------------------------------------+------+-------------+--------------+--------------+--------------+--------------+------+-----------------+
; Name                                                                                         ; Type ; Mode        ; Port A Depth ; Port A Width ; Port B Depth ; Port B Width ; Size ; MIF             ;
+----------------------------------------------------------------------------------------------+------+-------------+--------------+--------------+--------------+--------------+------+-----------------+
; lpm_ram_dq:memory|altram:sram|altsyncram:ram_block|altsyncram_74a1:auto_generated|ALTSYNCRAM ; AUTO ; Single Port ; 32           ; 8            ; --           ; --           ; 256  ; program_EC2.mif ;
+----------------------------------------------------------------------------------------------+------+-------------+--------------+--------------+--------------+--------------+------+-----------------+


Encoding Type:  One-Hot
+-------------------------------------------------------------------------------------------------------------------------------------------------------------------------------------------------------------------------------------------------------------------------------+
; State Machine - |lab_10_mp_EC2|state                                                                                                                                                                                                                                          ;
+-----------------+--------------+--------------+------------+---------------+-------------+-------------+----------------+---------------+--------------+-----------------+-----------------+----------------+---------------+----------------+----------------+---------------+
; Name            ; state.s_halt ; state.s_jpos ; state.s_jz ; state.s_input ; state.s_sub ; state.s_add ; state.s_store2 ; state.s_store ; state.s_load ; state.s_decode3 ; state.s_decode2 ; state.s_decode ; state.s_fetch ; state.s_start3 ; state.s_start2 ; state.s_start ;
+-----------------+--------------+--------------+------------+---------------+-------------+-------------+----------------+---------------+--------------+-----------------+-----------------+----------------+---------------+----------------+----------------+---------------+
; state.s_start   ; 0            ; 0            ; 0          ; 0             ; 0           ; 0           ; 0              ; 0             ; 0            ; 0               ; 0               ; 0              ; 0             ; 0              ; 0              ; 0             ;
; state.s_start2  ; 0            ; 0            ; 0          ; 0             ; 0           ; 0           ; 0              ; 0             ; 0            ; 0               ; 0               ; 0              ; 0             ; 0              ; 1              ; 1             ;
; state.s_start3  ; 0            ; 0            ; 0          ; 0             ; 0           ; 0           ; 0              ; 0             ; 0            ; 0               ; 0               ; 0              ; 0             ; 1              ; 0              ; 1             ;
; state.s_fetch   ; 0            ; 0            ; 0          ; 0             ; 0           ; 0           ; 0              ; 0             ; 0            ; 0               ; 0               ; 0              ; 1             ; 0              ; 0              ; 1             ;
; state.s_decode  ; 0            ; 0            ; 0          ; 0             ; 0           ; 0           ; 0              ; 0             ; 0            ; 0               ; 0               ; 1              ; 0             ; 0              ; 0              ; 1             ;
; state.s_decode2 ; 0            ; 0            ; 0          ; 0             ; 0           ; 0           ; 0              ; 0             ; 0            ; 0               ; 1               ; 0              ; 0             ; 0              ; 0              ; 1             ;
; state.s_decode3 ; 0            ; 0            ; 0          ; 0             ; 0           ; 0           ; 0              ; 0             ; 0            ; 1               ; 0               ; 0              ; 0             ; 0              ; 0              ; 1             ;
; state.s_load    ; 0            ; 0            ; 0          ; 0             ; 0           ; 0           ; 0              ; 0             ; 1            ; 0               ; 0               ; 0              ; 0             ; 0              ; 0              ; 1             ;
; state.s_store   ; 0            ; 0            ; 0          ; 0             ; 0           ; 0           ; 0              ; 1             ; 0            ; 0               ; 0               ; 0              ; 0             ; 0              ; 0              ; 1             ;
; state.s_store2  ; 0            ; 0            ; 0          ; 0             ; 0           ; 0           ; 1              ; 0             ; 0            ; 0               ; 0               ; 0              ; 0             ; 0              ; 0              ; 1             ;
; state.s_add     ; 0            ; 0            ; 0          ; 0             ; 0           ; 1           ; 0              ; 0             ; 0            ; 0               ; 0               ; 0              ; 0             ; 0              ; 0              ; 1             ;
; state.s_sub     ; 0            ; 0            ; 0          ; 0             ; 1           ; 0           ; 0              ; 0             ; 0            ; 0               ; 0               ; 0              ; 0             ; 0              ; 0              ; 1             ;
; state.s_input   ; 0            ; 0            ; 0          ; 1             ; 0           ; 0           ; 0              ; 0             ; 0            ; 0               ; 0               ; 0              ; 0             ; 0              ; 0              ; 1             ;
; state.s_jz      ; 0            ; 0            ; 1          ; 0             ; 0           ; 0           ; 0              ; 0             ; 0            ; 0               ; 0               ; 0              ; 0             ; 0              ; 0              ; 1             ;
; state.s_jpos    ; 0            ; 1            ; 0          ; 0             ; 0           ; 0           ; 0              ; 0             ; 0            ; 0               ; 0               ; 0              ; 0             ; 0              ; 0              ; 1             ;
; state.s_halt    ; 1            ; 0            ; 0          ; 0             ; 0           ; 0           ; 0              ; 0             ; 0            ; 0               ; 0               ; 0              ; 0             ; 0              ; 0              ; 1             ;
+-----------------+--------------+--------------+------------+---------------+-------------+-------------+----------------+---------------+--------------+-----------------+-----------------+----------------+---------------+----------------+----------------+---------------+


+------------------------------------------------------+
; General Register Statistics                          ;
+----------------------------------------------+-------+
; Statistic                                    ; Value ;
+----------------------------------------------+-------+
; Total registers                              ; 44    ;
; Number of registers using Synchronous Clear  ; 0     ;
; Number of registers using Synchronous Load   ; 13    ;
; Number of registers using Asynchronous Clear ; 39    ;
; Number of registers using Asynchronous Load  ; 0     ;
; Number of registers using Clock Enable       ; 26    ;
; Number of registers using Preset             ; 0     ;
+----------------------------------------------+-------+


+------------------------------------------------------------------------------------------------------------------------------------------------+
; Multiplexer Restructuring Statistics (Restructuring Performed)                                                                                 ;
+--------------------+-----------+---------------+----------------------+------------------------+------------+----------------------------------+
; Multiplexer Inputs ; Bus Width ; Baseline Area ; Area if Restructured ; Saving if Restructured ; Registered ; Example Multiplexer Output       ;
+--------------------+-----------+---------------+----------------------+------------------------+------------+----------------------------------+
; 3:1                ; 5 bits    ; 10 LEs        ; 5 LEs                ; 5 LEs                  ; Yes        ; |lab_10_mp_EC2|memory_address[0] ;
; 5:1                ; 8 bits    ; 24 LEs        ; 16 LEs               ; 8 LEs                  ; Yes        ; |lab_10_mp_EC2|A[0]              ;
; 6:1                ; 5 bits    ; 20 LEs        ; 5 LEs                ; 15 LEs                 ; Yes        ; |lab_10_mp_EC2|PC[0]             ;
+--------------------+-----------+---------------+----------------------+------------------------+------------+----------------------------------+


+----------------------------------------------------------------------------------------------------------+
; Source assignments for LPM_RAM_DQ:memory|altram:sram|altsyncram:ram_block|altsyncram_74a1:auto_generated ;
+---------------------------------+--------------------+------+--------------------------------------------+
; Assignment                      ; Value              ; From ; To                                         ;
+---------------------------------+--------------------+------+--------------------------------------------+
; OPTIMIZE_POWER_DURING_SYNTHESIS ; NORMAL_COMPILATION ; -    ; -                                          ;
+---------------------------------+--------------------+------+--------------------------------------------+


+----------------------------------------------------------------+
; Parameter Settings for User Entity Instance: LPM_RAM_DQ:memory ;
+------------------------+-----------------+---------------------+
; Parameter Name         ; Value           ; Type                ;
+------------------------+-----------------+---------------------+
; LPM_WIDTH              ; 8               ; Signed Integer      ;
; LPM_WIDTHAD            ; 5               ; Signed Integer      ;
; LPM_NUMWORDS           ; 32              ; Signed Integer      ;
; LPM_INDATA             ; REGISTERED      ; Untyped             ;
; LPM_ADDRESS_CONTROL    ; REGISTERED      ; Untyped             ;
; LPM_OUTDATA            ; REGISTERED      ; Untyped             ;
; LPM_FILE               ; program_EC2.mif ; Untyped             ;
; USE_EAB                ; ON              ; Untyped             ;
; DEVICE_FAMILY          ; Cyclone IV E    ; Untyped             ;
; CBXI_PARAMETER         ; NOTHING         ; Untyped             ;
; AUTO_CARRY_CHAINS      ; ON              ; AUTO_CARRY          ;
; IGNORE_CARRY_BUFFERS   ; OFF             ; IGNORE_CARRY        ;
; AUTO_CASCADE_CHAINS    ; ON              ; AUTO_CASCADE        ;
; IGNORE_CASCADE_BUFFERS ; OFF             ; IGNORE_CASCADE      ;
+------------------------+-----------------+---------------------+
Note: In order to hide this table in the UI and the text report file, please set the "Show Parameter Settings in Synthesis Report" option in "Analysis and Synthesis Settings -> More Settings" to "Off".


+-------------------------------+
; Elapsed Time Per Partition    ;
+----------------+--------------+
; Partition Name ; Elapsed Time ;
+----------------+--------------+
; Top            ; 00:00:00     ;
+----------------+--------------+


+-------------------------------+
; Analysis & Synthesis Messages ;
+-------------------------------+
Info: *******************************************************************
Info: Running Quartus II 64-Bit Analysis & Synthesis
    Info: Version 13.1.0 Build 162 10/23/2013 SJ Web Edition
    Info: Processing started: Sat May 29 20:27:00 2021
Info: Command: quartus_map --read_settings_files=on --write_settings_files=off lab_10_mp_EC2 -c lab_10_mp_EC2
Warning (20028): Parallel compilation is not licensed and has been disabled
Warning (12125): Using design file lab_10_mp_ec2.vhd, which is not specified as a design file for the current project, but contains definitions for 2 design units and 1 entities in project
    Info (12022): Found design unit 1: lab_10_mp_EC2-FSMD
    Info (12023): Found entity 1: lab_10_mp_EC2
Info (12127): Elaborating entity "lab_10_mp_EC2" for the top level hierarchy
Info (12128): Elaborating entity "LPM_RAM_DQ" for hierarchy "LPM_RAM_DQ:memory"
Info (12130): Elaborated megafunction instantiation "LPM_RAM_DQ:memory"
Info (12133): Instantiated megafunction "LPM_RAM_DQ:memory" with the following parameter:
    Info (12134): Parameter "LPM_WIDTH" = "8"
    Info (12134): Parameter "LPM_WIDTHAD" = "5"
    Info (12134): Parameter "LPM_NUMWORDS" = "32"
    Info (12134): Parameter "LPM_INDATA" = "REGISTERED"
    Info (12134): Parameter "LPM_ADDRESS_CONTROL" = "REGISTERED"
    Info (12134): Parameter "LPM_OUTDATA" = "REGISTERED"
    Info (12134): Parameter "LPM_FILE" = "program_EC2.mif"
    Info (12134): Parameter "LPM_TYPE" = "LPM_RAM_DQ"
    Info (12134): Parameter "USE_EAB" = "ON"
    Info (12134): Parameter "INTENDED_DEVICE_FAMILY" = "UNUSED"
    Info (12134): Parameter "LPM_HINT" = "UNUSED"
Info (12128): Elaborating entity "altram" for hierarchy "LPM_RAM_DQ:memory|altram:sram"
Warning (287001): Assertion warning: altram does not support Cyclone IV E device family -- attempting best-case memory conversions, but power-up states and read during write behavior will be different for Cyclone IV E devices
Info (12131): Elaborated megafunction instantiation "LPM_RAM_DQ:memory|altram:sram", which is child of megafunction instantiation "LPM_RAM_DQ:memory"
Info (12128): Elaborating entity "altsyncram" for hierarchy "LPM_RAM_DQ:memory|altram:sram|altsyncram:ram_block"
Info (12131): Elaborated megafunction instantiation "LPM_RAM_DQ:memory|altram:sram|altsyncram:ram_block", which is child of megafunction instantiation "LPM_RAM_DQ:memory"
Info (12021): Found 1 design units, including 1 entities, in source file db/altsyncram_74a1.tdf
    Info (12023): Found entity 1: altsyncram_74a1
Info (12128): Elaborating entity "altsyncram_74a1" for hierarchy "LPM_RAM_DQ:memory|altram:sram|altsyncram:ram_block|altsyncram_74a1:auto_generated"
Warning (113031): 11 out of 32 addresses are reinitialized. The latest initialized data will replace the existing data. There are 11 warnings found, and 10 warnings are reported.
    Warning (113030): Memory Initialization File address 0 is reinitialized
    Warning (113030): Memory Initialization File address 1 is reinitialized
    Warning (113030): Memory Initialization File address 2 is reinitialized
    Warning (113030): Memory Initialization File address 3 is reinitialized
    Warning (113030): Memory Initialization File address 4 is reinitialized
    Warning (113030): Memory Initialization File address 5 is reinitialized
    Warning (113030): Memory Initialization File address 6 is reinitialized
    Warning (113030): Memory Initialization File address 7 is reinitialized
    Warning (113030): Memory Initialization File address 8 is reinitialized
    Warning (113030): Memory Initialization File address 30 is reinitialized
Info (286030): Timing-Driven Synthesis is running
Info (16010): Generating hard_block partition "hard_block:auto_generated_inst"
    Info (16011): Adding 0 node(s), including 0 DDIO, 0 PLL, 0 transceiver and 0 LCELL
Info (21057): Implemented 99 device resources after synthesis - the final resource count might be different
    Info (21058): Implemented 11 input pins
    Info (21059): Implemented 9 output pins
    Info (21061): Implemented 71 logic cells
    Info (21064): Implemented 8 RAM segments
Info: Quartus II 64-Bit Analysis & Synthesis was successful. 0 errors, 14 warnings
    Info: Peak virtual memory: 4668 megabytes
    Info: Processing ended: Sat May 29 20:27:03 2021
    Info: Elapsed time: 00:00:03
    Info: Total CPU time (on all processors): 00:00:02


