Analysis & Synthesis report for Lab_07_DataProcessor
Fri Apr 30 17:02:20 2021
Quartus II 64-Bit Version 13.1.0 Build 162 10/23/2013 SJ Web Edition


---------------------
; Table of Contents ;
---------------------
  1. Legal Notice
  2. Analysis & Synthesis Summary
  3. Analysis & Synthesis Settings
  4. Parallel Compilation
  5. Analysis & Synthesis Source Files Read
  6. Analysis & Synthesis Resource Usage Summary
  7. Analysis & Synthesis Resource Utilization by Entity
  8. User-Specified and Inferred Latches
  9. General Register Statistics
 10. Multiplexer Restructuring Statistics (Restructuring Performed)
 11. Elapsed Time Per Partition
 12. Analysis & Synthesis Messages



----------------
; Legal Notice ;
----------------
Copyright (C) 1991-2013 Altera Corporation
Your use of Altera Corporation's design tools, logic functions 
and other software and tools, and its AMPP partner logic 
functions, and any output files from any of the foregoing 
(including device programming or simulation files), and any 
associated documentation or information are expressly subject 
to the terms and conditions of the Altera Program License 
Subscription Agreement, Altera MegaCore Function License 
Agreement, or other applicable license agreement, including, 
without limitation, that your use is for the sole purpose of 
programming logic devices manufactured by Altera and sold by 
Altera or its authorized distributors.  Please refer to the 
applicable agreement for further details.



+---------------------------------------------------------------------------------+
; Analysis & Synthesis Summary                                                    ;
+------------------------------------+--------------------------------------------+
; Analysis & Synthesis Status        ; Successful - Fri Apr 30 17:02:20 2021      ;
; Quartus II 64-Bit Version          ; 13.1.0 Build 162 10/23/2013 SJ Web Edition ;
; Revision Name                      ; Lab_07_DataProcessor                       ;
; Top-level Entity Name              ; Lab_07_DataProcessor                       ;
; Family                             ; Cyclone IV GX                              ;
; Total logic elements               ; 90                                         ;
;     Total combinational functions  ; 87                                         ;
;     Dedicated logic registers      ; 7                                          ;
; Total registers                    ; 7                                          ;
; Total pins                         ; 38                                         ;
; Total virtual pins                 ; 0                                          ;
; Total memory bits                  ; 0                                          ;
; Embedded Multiplier 9-bit elements ; 0                                          ;
; Total GXB Receiver Channel PCS     ; 0                                          ;
; Total GXB Receiver Channel PMA     ; 0                                          ;
; Total GXB Transmitter Channel PCS  ; 0                                          ;
; Total GXB Transmitter Channel PMA  ; 0                                          ;
; Total PLLs                         ; 0                                          ;
+------------------------------------+--------------------------------------------+


+--------------------------------------------------------------------------------------------------------------------------+
; Analysis & Synthesis Settings                                                                                            ;
+----------------------------------------------------------------------------+----------------------+----------------------+
; Option                                                                     ; Setting              ; Default Value        ;
+----------------------------------------------------------------------------+----------------------+----------------------+
; Top-level entity name                                                      ; Lab_07_DataProcessor ; Lab_07_DataProcessor ;
; Family name                                                                ; Cyclone IV GX        ; Cyclone IV GX        ;
; Use smart compilation                                                      ; Off                  ; Off                  ;
; Enable parallel Assembler and TimeQuest Timing Analyzer during compilation ; On                   ; On                   ;
; Enable compact report table                                                ; Off                  ; Off                  ;
; Restructure Multiplexers                                                   ; Auto                 ; Auto                 ;
; Create Debugging Nodes for IP Cores                                        ; Off                  ; Off                  ;
; Preserve fewer node names                                                  ; On                   ; On                   ;
; Disable OpenCore Plus hardware evaluation                                  ; Off                  ; Off                  ;
; Verilog Version                                                            ; Verilog_2001         ; Verilog_2001         ;
; VHDL Version                                                               ; VHDL_1993            ; VHDL_1993            ;
; State Machine Processing                                                   ; Auto                 ; Auto                 ;
; Safe State Machine                                                         ; Off                  ; Off                  ;
; Extract Verilog State Machines                                             ; On                   ; On                   ;
; Extract VHDL State Machines                                                ; On                   ; On                   ;
; Ignore Verilog initial constructs                                          ; Off                  ; Off                  ;
; Iteration limit for constant Verilog loops                                 ; 5000                 ; 5000                 ;
; Iteration limit for non-constant Verilog loops                             ; 250                  ; 250                  ;
; Add Pass-Through Logic to Inferred RAMs                                    ; On                   ; On                   ;
; Infer RAMs from Raw Logic                                                  ; On                   ; On                   ;
; Parallel Synthesis                                                         ; On                   ; On                   ;
; DSP Block Balancing                                                        ; Auto                 ; Auto                 ;
; NOT Gate Push-Back                                                         ; On                   ; On                   ;
; Power-Up Don't Care                                                        ; On                   ; On                   ;
; Remove Redundant Logic Cells                                               ; Off                  ; Off                  ;
; Remove Duplicate Registers                                                 ; On                   ; On                   ;
; Ignore CARRY Buffers                                                       ; Off                  ; Off                  ;
; Ignore CASCADE Buffers                                                     ; Off                  ; Off                  ;
; Ignore GLOBAL Buffers                                                      ; Off                  ; Off                  ;
; Ignore ROW GLOBAL Buffers                                                  ; Off                  ; Off                  ;
; Ignore LCELL Buffers                                                       ; Off                  ; Off                  ;
; Ignore SOFT Buffers                                                        ; On                   ; On                   ;
; Limit AHDL Integers to 32 Bits                                             ; Off                  ; Off                  ;
; Optimization Technique                                                     ; Balanced             ; Balanced             ;
; Carry Chain Length                                                         ; 70                   ; 70                   ;
; Auto Carry Chains                                                          ; On                   ; On                   ;
; Auto Open-Drain Pins                                                       ; On                   ; On                   ;
; Perform WYSIWYG Primitive Resynthesis                                      ; Off                  ; Off                  ;
; Auto ROM Replacement                                                       ; On                   ; On                   ;
; Auto RAM Replacement                                                       ; On                   ; On                   ;
; Auto DSP Block Replacement                                                 ; On                   ; On                   ;
; Auto Shift Register Replacement                                            ; Auto                 ; Auto                 ;
; Allow Shift Register Merging across Hierarchies                            ; Auto                 ; Auto                 ;
; Auto Clock Enable Replacement                                              ; On                   ; On                   ;
; Strict RAM Replacement                                                     ; Off                  ; Off                  ;
; Allow Synchronous Control Signals                                          ; On                   ; On                   ;
; Force Use of Synchronous Clear Signals                                     ; Off                  ; Off                  ;
; Auto RAM Block Balancing                                                   ; On                   ; On                   ;
; Auto RAM to Logic Cell Conversion                                          ; Off                  ; Off                  ;
; Auto Resource Sharing                                                      ; Off                  ; Off                  ;
; Allow Any RAM Size For Recognition                                         ; Off                  ; Off                  ;
; Allow Any ROM Size For Recognition                                         ; Off                  ; Off                  ;
; Allow Any Shift Register Size For Recognition                              ; Off                  ; Off                  ;
; Use LogicLock Constraints during Resource Balancing                        ; On                   ; On                   ;
; Ignore translate_off and synthesis_off directives                          ; Off                  ; Off                  ;
; Timing-Driven Synthesis                                                    ; On                   ; On                   ;
; Report Parameter Settings                                                  ; On                   ; On                   ;
; Report Source Assignments                                                  ; On                   ; On                   ;
; Report Connectivity Checks                                                 ; On                   ; On                   ;
; Ignore Maximum Fan-Out Assignments                                         ; Off                  ; Off                  ;
; Synchronization Register Chain Length                                      ; 2                    ; 2                    ;
; PowerPlay Power Optimization                                               ; Normal compilation   ; Normal compilation   ;
; HDL message level                                                          ; Level2               ; Level2               ;
; Suppress Register Optimization Related Messages                            ; Off                  ; Off                  ;
; Number of Removed Registers Reported in Synthesis Report                   ; 5000                 ; 5000                 ;
; Number of Swept Nodes Reported in Synthesis Report                         ; 5000                 ; 5000                 ;
; Number of Inverted Registers Reported in Synthesis Report                  ; 100                  ; 100                  ;
; Clock MUX Protection                                                       ; On                   ; On                   ;
; Auto Gated Clock Conversion                                                ; Off                  ; Off                  ;
; Block Design Naming                                                        ; Auto                 ; Auto                 ;
; SDC constraint protection                                                  ; Off                  ; Off                  ;
; Synthesis Effort                                                           ; Auto                 ; Auto                 ;
; Shift Register Replacement - Allow Asynchronous Clear Signal               ; On                   ; On                   ;
; Pre-Mapping Resynthesis Optimization                                       ; Off                  ; Off                  ;
; Analysis & Synthesis Message Level                                         ; Medium               ; Medium               ;
; Disable Register Merging Across Hierarchies                                ; Auto                 ; Auto                 ;
; Resource Aware Inference For Block RAM                                     ; On                   ; On                   ;
; Synthesis Seed                                                             ; 1                    ; 1                    ;
+----------------------------------------------------------------------------+----------------------+----------------------+


Parallel compilation was disabled, but you have multiple processors available. Enable parallel compilation to reduce compilation time.
+-------------------------------------+
; Parallel Compilation                ;
+----------------------------+--------+
; Processors                 ; Number ;
+----------------------------+--------+
; Number detected on machine ; 8      ;
; Maximum allowed            ; 1      ;
+----------------------------+--------+


+----------------------------------------------------------------------------------------------------------------------------------------------------------+
; Analysis & Synthesis Source Files Read                                                                                                                   ;
+----------------------------------+-----------------+-----------------------+-------------------------------------------------------------------+---------+
; File Name with User-Entered Path ; Used in Netlist ; File Type             ; File Name with Absolute Path                                      ; Library ;
+----------------------------------+-----------------+-----------------------+-------------------------------------------------------------------+---------+
; Lab_07_DataProcessor.vhd         ; yes             ; User VHDL File        ; C:/altera/13.1/quartus/bin64/work/Lab_07/Lab_07_DataProcessor.vhd ;         ;
; lab_07_asyncram.vhd              ; yes             ; Auto-Found VHDL File  ; C:/altera/13.1/quartus/bin64/work/Lab_07/lab_07_asyncram.vhd      ;         ;
; lab_07_simplealu.vhd             ; yes             ; Auto-Found VHDL File  ; C:/altera/13.1/quartus/bin64/work/Lab_07/lab_07_simplealu.vhd     ;         ;
+----------------------------------+-----------------+-----------------------+-------------------------------------------------------------------+---------+


+---------------------------------------------+
; Analysis & Synthesis Resource Usage Summary ;
+--------------------------+------------------+
; Resource                 ; Usage            ;
+--------------------------+------------------+
; I/O pins                 ; 38               ;
; DSP block 9-bit elements ; 0                ;
; Maximum fan-out node     ; mar[0]           ;
; Maximum fan-out          ; 22               ;
; Total fan-out            ; 380              ;
; Average fan-out          ; 2.24             ;
+--------------------------+------------------+


+----------------------------------------------------------------------------------------------------------------------------------------------------------------------------------------------------------------+
; Analysis & Synthesis Resource Utilization by Entity                                                                                                                                                            ;
+----------------------------+-------------------+--------------+-------------+--------------+---------+-----------+-----------+------+--------------+--------------------------------------------+--------------+
; Compilation Hierarchy Node ; LC Combinationals ; LC Registers ; Memory Bits ; DSP Elements ; DSP 9x9 ; DSP 18x18 ; DSP 36x36 ; Pins ; Virtual Pins ; Full Hierarchy Name                        ; Library Name ;
+----------------------------+-------------------+--------------+-------------+--------------+---------+-----------+-----------+------+--------------+--------------------------------------------+--------------+
; |Lab_07_DataProcessor      ; 87 (4)            ; 7 (7)        ; 0           ; 0            ; 0       ; 0         ; 0         ; 38   ; 0            ; |Lab_07_DataProcessor                      ; work         ;
;    |Lab_07_asyncRAM:RAM|   ; 60 (60)           ; 0 (0)        ; 0           ; 0            ; 0       ; 0         ; 0         ; 0    ; 0            ; |Lab_07_DataProcessor|Lab_07_asyncRAM:RAM  ; work         ;
;    |Lab_07_simpleALU:ALU|  ; 23 (23)           ; 0 (0)        ; 0           ; 0            ; 0       ; 0         ; 0         ; 0    ; 0            ; |Lab_07_DataProcessor|Lab_07_simpleALU:ALU ; work         ;
+----------------------------+-------------------+--------------+-------------+--------------+---------+-----------+-----------+------+--------------+--------------------------------------------+--------------+
Note: For table entries with two numbers listed, the numbers in parentheses indicate the number of resources of the given type used by the specific entity alone. The numbers listed outside of parentheses indicate the total resources of the given type used by the specific entity and all of its sub-entities in the hierarchy.


+-------------------------------------------------------------------------------------------------------------+
; User-Specified and Inferred Latches                                                                         ;
+-----------------------------------------------------+------------------------------+------------------------+
; Latch Name                                          ; Latch Enable Signal          ; Free of Timing Hazards ;
+-----------------------------------------------------+------------------------------+------------------------+
; Lab_07_asyncRAM:RAM|ram_block[2][0]                 ; Lab_07_asyncRAM:RAM|Decoder0 ; yes                    ;
; Lab_07_asyncRAM:RAM|ram_block[1][0]                 ; Lab_07_asyncRAM:RAM|Decoder0 ; yes                    ;
; Lab_07_asyncRAM:RAM|ram_block[0][0]                 ; Lab_07_asyncRAM:RAM|Decoder0 ; yes                    ;
; Lab_07_asyncRAM:RAM|ram_block[3][0]                 ; Lab_07_asyncRAM:RAM|Decoder0 ; yes                    ;
; Lab_07_asyncRAM:RAM|ram_block[5][0]                 ; Lab_07_asyncRAM:RAM|Decoder0 ; yes                    ;
; Lab_07_asyncRAM:RAM|ram_block[6][0]                 ; Lab_07_asyncRAM:RAM|Decoder0 ; yes                    ;
; Lab_07_asyncRAM:RAM|ram_block[4][0]                 ; Lab_07_asyncRAM:RAM|Decoder0 ; yes                    ;
; Lab_07_asyncRAM:RAM|ram_block[7][0]                 ; Lab_07_asyncRAM:RAM|Decoder0 ; yes                    ;
; Lab_07_asyncRAM:RAM|ram_block[2][1]                 ; Lab_07_asyncRAM:RAM|Decoder0 ; yes                    ;
; Lab_07_asyncRAM:RAM|ram_block[1][1]                 ; Lab_07_asyncRAM:RAM|Decoder0 ; yes                    ;
; Lab_07_asyncRAM:RAM|ram_block[0][1]                 ; Lab_07_asyncRAM:RAM|Decoder0 ; yes                    ;
; Lab_07_asyncRAM:RAM|ram_block[3][1]                 ; Lab_07_asyncRAM:RAM|Decoder0 ; yes                    ;
; Lab_07_asyncRAM:RAM|ram_block[5][1]                 ; Lab_07_asyncRAM:RAM|Decoder0 ; yes                    ;
; Lab_07_asyncRAM:RAM|ram_block[6][1]                 ; Lab_07_asyncRAM:RAM|Decoder0 ; yes                    ;
; Lab_07_asyncRAM:RAM|ram_block[4][1]                 ; Lab_07_asyncRAM:RAM|Decoder0 ; yes                    ;
; Lab_07_asyncRAM:RAM|ram_block[7][1]                 ; Lab_07_asyncRAM:RAM|Decoder0 ; yes                    ;
; Lab_07_asyncRAM:RAM|ram_block[2][2]                 ; Lab_07_asyncRAM:RAM|Decoder0 ; yes                    ;
; Lab_07_asyncRAM:RAM|ram_block[1][2]                 ; Lab_07_asyncRAM:RAM|Decoder0 ; yes                    ;
; Lab_07_asyncRAM:RAM|ram_block[0][2]                 ; Lab_07_asyncRAM:RAM|Decoder0 ; yes                    ;
; Lab_07_asyncRAM:RAM|ram_block[3][2]                 ; Lab_07_asyncRAM:RAM|Decoder0 ; yes                    ;
; Lab_07_asyncRAM:RAM|ram_block[5][2]                 ; Lab_07_asyncRAM:RAM|Decoder0 ; yes                    ;
; Lab_07_asyncRAM:RAM|ram_block[6][2]                 ; Lab_07_asyncRAM:RAM|Decoder0 ; yes                    ;
; Lab_07_asyncRAM:RAM|ram_block[4][2]                 ; Lab_07_asyncRAM:RAM|Decoder0 ; yes                    ;
; Lab_07_asyncRAM:RAM|ram_block[7][2]                 ; Lab_07_asyncRAM:RAM|Decoder0 ; yes                    ;
; Lab_07_asyncRAM:RAM|ram_block[2][3]                 ; Lab_07_asyncRAM:RAM|Decoder0 ; yes                    ;
; Lab_07_asyncRAM:RAM|ram_block[1][3]                 ; Lab_07_asyncRAM:RAM|Decoder0 ; yes                    ;
; Lab_07_asyncRAM:RAM|ram_block[0][3]                 ; Lab_07_asyncRAM:RAM|Decoder0 ; yes                    ;
; Lab_07_asyncRAM:RAM|ram_block[3][3]                 ; Lab_07_asyncRAM:RAM|Decoder0 ; yes                    ;
; Lab_07_asyncRAM:RAM|ram_block[5][3]                 ; Lab_07_asyncRAM:RAM|Decoder0 ; yes                    ;
; Lab_07_asyncRAM:RAM|ram_block[6][3]                 ; Lab_07_asyncRAM:RAM|Decoder0 ; yes                    ;
; Lab_07_asyncRAM:RAM|ram_block[4][3]                 ; Lab_07_asyncRAM:RAM|Decoder0 ; yes                    ;
; Lab_07_asyncRAM:RAM|ram_block[7][3]                 ; Lab_07_asyncRAM:RAM|Decoder0 ; yes                    ;
; Number of user-specified and inferred latches = 32  ;                              ;                        ;
+-----------------------------------------------------+------------------------------+------------------------+
Note: All latches listed above may not be present at the end of synthesis due to various synthesis optimizations.


+------------------------------------------------------+
; General Register Statistics                          ;
+----------------------------------------------+-------+
; Statistic                                    ; Value ;
+----------------------------------------------+-------+
; Total registers                              ; 7     ;
; Number of registers using Synchronous Clear  ; 0     ;
; Number of registers using Synchronous Load   ; 0     ;
; Number of registers using Asynchronous Clear ; 0     ;
; Number of registers using Asynchronous Load  ; 0     ;
; Number of registers using Clock Enable       ; 7     ;
; Number of registers using Preset             ; 0     ;
+----------------------------------------------+-------+


+---------------------------------------------------------------------------------------------------------------------------------------------------------------+
; Multiplexer Restructuring Statistics (Restructuring Performed)                                                                                                ;
+--------------------+-----------+---------------+----------------------+------------------------+------------+-------------------------------------------------+
; Multiplexer Inputs ; Bus Width ; Baseline Area ; Area if Restructured ; Saving if Restructured ; Registered ; Example Multiplexer Output                      ;
+--------------------+-----------+---------------+----------------------+------------------------+------------+-------------------------------------------------+
; 8:1                ; 4 bits    ; 20 LEs        ; 16 LEs               ; 4 LEs                  ; No         ; |Lab_07_DataProcessor|Lab_07_simpleALU:ALU|Mux3 ;
; 8:1                ; 4 bits    ; 20 LEs        ; 20 LEs               ; 0 LEs                  ; No         ; |Lab_07_DataProcessor|Lab_07_asyncRAM:RAM|Mux3  ;
+--------------------+-----------+---------------+----------------------+------------------------+------------+-------------------------------------------------+


+-------------------------------+
; Elapsed Time Per Partition    ;
+----------------+--------------+
; Partition Name ; Elapsed Time ;
+----------------+--------------+
; Top            ; 00:00:00     ;
+----------------+--------------+


+-------------------------------+
; Analysis & Synthesis Messages ;
+-------------------------------+
Info: *******************************************************************
Info: Running Quartus II 64-Bit Analysis & Synthesis
    Info: Version 13.1.0 Build 162 10/23/2013 SJ Web Edition
    Info: Processing started: Fri Apr 30 17:02:17 2021
Info: Command: quartus_map --read_settings_files=on --write_settings_files=off Lab_07_DataProcessor -c Lab_07_DataProcessor
Warning (20028): Parallel compilation is not licensed and has been disabled
Info (12021): Found 2 design units, including 1 entities, in source file lab_07_dataprocessor.vhd
    Info (12022): Found design unit 1: Lab_07_DataProcessor-structual
    Info (12023): Found entity 1: Lab_07_DataProcessor
Info (12127): Elaborating entity "Lab_07_DataProcessor" for the top level hierarchy
Warning (10492): VHDL Process Statement warning at Lab_07_DataProcessor.vhd(64): signal "input" is read inside the Process Statement but isn't in the Process Statement's sensitivity list
Warning (10492): VHDL Process Statement warning at Lab_07_DataProcessor.vhd(66): signal "alu_out_sig" is read inside the Process Statement but isn't in the Process Statement's sensitivity list
Warning (12125): Using design file lab_07_asyncram.vhd, which is not specified as a design file for the current project, but contains definitions for 2 design units and 1 entities in project
    Info (12022): Found design unit 1: Lab_07_asyncRAM-rtl
    Info (12023): Found entity 1: Lab_07_asyncRAM
Info (12128): Elaborating entity "Lab_07_asyncRAM" for hierarchy "Lab_07_asyncRAM:RAM"
Warning (10492): VHDL Process Statement warning at lab_07_asyncram.vhd(23): signal "ram_block" is read inside the Process Statement but isn't in the Process Statement's sensitivity list
Warning (10631): VHDL Process Statement warning at lab_07_asyncram.vhd(18): inferring latch(es) for signal or variable "ram_block", which holds its previous value in one or more paths through the process
Info (10041): Inferred latch for "ram_block[7][0]" at lab_07_asyncram.vhd(18)
Info (10041): Inferred latch for "ram_block[7][1]" at lab_07_asyncram.vhd(18)
Info (10041): Inferred latch for "ram_block[7][2]" at lab_07_asyncram.vhd(18)
Info (10041): Inferred latch for "ram_block[7][3]" at lab_07_asyncram.vhd(18)
Info (10041): Inferred latch for "ram_block[6][0]" at lab_07_asyncram.vhd(18)
Info (10041): Inferred latch for "ram_block[6][1]" at lab_07_asyncram.vhd(18)
Info (10041): Inferred latch for "ram_block[6][2]" at lab_07_asyncram.vhd(18)
Info (10041): Inferred latch for "ram_block[6][3]" at lab_07_asyncram.vhd(18)
Info (10041): Inferred latch for "ram_block[5][0]" at lab_07_asyncram.vhd(18)
Info (10041): Inferred latch for "ram_block[5][1]" at lab_07_asyncram.vhd(18)
Info (10041): Inferred latch for "ram_block[5][2]" at lab_07_asyncram.vhd(18)
Info (10041): Inferred latch for "ram_block[5][3]" at lab_07_asyncram.vhd(18)
Info (10041): Inferred latch for "ram_block[4][0]" at lab_07_asyncram.vhd(18)
Info (10041): Inferred latch for "ram_block[4][1]" at lab_07_asyncram.vhd(18)
Info (10041): Inferred latch for "ram_block[4][2]" at lab_07_asyncram.vhd(18)
Info (10041): Inferred latch for "ram_block[4][3]" at lab_07_asyncram.vhd(18)
Info (10041): Inferred latch for "ram_block[3][0]" at lab_07_asyncram.vhd(18)
Info (10041): Inferred latch for "ram_block[3][1]" at lab_07_asyncram.vhd(18)
Info (10041): Inferred latch for "ram_block[3][2]" at lab_07_asyncram.vhd(18)
Info (10041): Inferred latch for "ram_block[3][3]" at lab_07_asyncram.vhd(18)
Info (10041): Inferred latch for "ram_block[2][0]" at lab_07_asyncram.vhd(18)
Info (10041): Inferred latch for "ram_block[2][1]" at lab_07_asyncram.vhd(18)
Info (10041): Inferred latch for "ram_block[2][2]" at lab_07_asyncram.vhd(18)
Info (10041): Inferred latch for "ram_block[2][3]" at lab_07_asyncram.vhd(18)
Info (10041): Inferred latch for "ram_block[1][0]" at lab_07_asyncram.vhd(18)
Info (10041): Inferred latch for "ram_block[1][1]" at lab_07_asyncram.vhd(18)
Info (10041): Inferred latch for "ram_block[1][2]" at lab_07_asyncram.vhd(18)
Info (10041): Inferred latch for "ram_block[1][3]" at lab_07_asyncram.vhd(18)
Info (10041): Inferred latch for "ram_block[0][0]" at lab_07_asyncram.vhd(18)
Info (10041): Inferred latch for "ram_block[0][1]" at lab_07_asyncram.vhd(18)
Info (10041): Inferred latch for "ram_block[0][2]" at lab_07_asyncram.vhd(18)
Info (10041): Inferred latch for "ram_block[0][3]" at lab_07_asyncram.vhd(18)
Warning (12125): Using design file lab_07_simplealu.vhd, which is not specified as a design file for the current project, but contains definitions for 2 design units and 1 entities in project
    Info (12022): Found design unit 1: Lab_07_simpleALU-sample
    Info (12023): Found entity 1: Lab_07_simpleALU
Info (12128): Elaborating entity "Lab_07_simpleALU" for hierarchy "Lab_07_simpleALU:ALU"
Warning (13046): Tri-state node(s) do not directly drive top-level pin(s)
    Warning (13049): Converted tri-state buffer "Lab_07_asyncRAM:RAM|data_out[0]" feeding internal logic into a wire
    Warning (13049): Converted tri-state buffer "Lab_07_asyncRAM:RAM|data_out[1]" feeding internal logic into a wire
    Warning (13049): Converted tri-state buffer "Lab_07_asyncRAM:RAM|data_out[2]" feeding internal logic into a wire
    Warning (13049): Converted tri-state buffer "Lab_07_asyncRAM:RAM|data_out[3]" feeding internal logic into a wire
Warning (13012): Latch Lab_07_asyncRAM:RAM|ram_block[2][0] has unsafe behavior
    Warning (13013): Ports D and ENA on the latch are fed by the same signal mar[2]
Warning (13012): Latch Lab_07_asyncRAM:RAM|ram_block[1][0] has unsafe behavior
    Warning (13013): Ports D and ENA on the latch are fed by the same signal mar[2]
Warning (13012): Latch Lab_07_asyncRAM:RAM|ram_block[0][0] has unsafe behavior
    Warning (13013): Ports D and ENA on the latch are fed by the same signal mar[2]
Warning (13012): Latch Lab_07_asyncRAM:RAM|ram_block[3][0] has unsafe behavior
    Warning (13013): Ports D and ENA on the latch are fed by the same signal mar[2]
Warning (13012): Latch Lab_07_asyncRAM:RAM|ram_block[5][0] has unsafe behavior
    Warning (13013): Ports D and ENA on the latch are fed by the same signal mar[2]
Warning (13012): Latch Lab_07_asyncRAM:RAM|ram_block[6][0] has unsafe behavior
    Warning (13013): Ports D and ENA on the latch are fed by the same signal mar[2]
Warning (13012): Latch Lab_07_asyncRAM:RAM|ram_block[4][0] has unsafe behavior
    Warning (13013): Ports D and ENA on the latch are fed by the same signal mar[2]
Warning (13012): Latch Lab_07_asyncRAM:RAM|ram_block[7][0] has unsafe behavior
    Warning (13013): Ports D and ENA on the latch are fed by the same signal mar[2]
Warning (13012): Latch Lab_07_asyncRAM:RAM|ram_block[2][1] has unsafe behavior
    Warning (13013): Ports D and ENA on the latch are fed by the same signal mar[2]
Warning (13012): Latch Lab_07_asyncRAM:RAM|ram_block[1][1] has unsafe behavior
    Warning (13013): Ports D and ENA on the latch are fed by the same signal mar[2]
Warning (13012): Latch Lab_07_asyncRAM:RAM|ram_block[0][1] has unsafe behavior
    Warning (13013): Ports D and ENA on the latch are fed by the same signal mar[2]
Warning (13012): Latch Lab_07_asyncRAM:RAM|ram_block[3][1] has unsafe behavior
    Warning (13013): Ports D and ENA on the latch are fed by the same signal mar[2]
Warning (13012): Latch Lab_07_asyncRAM:RAM|ram_block[5][1] has unsafe behavior
    Warning (13013): Ports D and ENA on the latch are fed by the same signal mar[2]
Warning (13012): Latch Lab_07_asyncRAM:RAM|ram_block[6][1] has unsafe behavior
    Warning (13013): Ports D and ENA on the latch are fed by the same signal mar[2]
Warning (13012): Latch Lab_07_asyncRAM:RAM|ram_block[4][1] has unsafe behavior
    Warning (13013): Ports D and ENA on the latch are fed by the same signal mar[2]
Warning (13012): Latch Lab_07_asyncRAM:RAM|ram_block[7][1] has unsafe behavior
    Warning (13013): Ports D and ENA on the latch are fed by the same signal mar[2]
Warning (13012): Latch Lab_07_asyncRAM:RAM|ram_block[2][2] has unsafe behavior
    Warning (13013): Ports D and ENA on the latch are fed by the same signal mar[2]
Warning (13012): Latch Lab_07_asyncRAM:RAM|ram_block[1][2] has unsafe behavior
    Warning (13013): Ports D and ENA on the latch are fed by the same signal mar[2]
Warning (13012): Latch Lab_07_asyncRAM:RAM|ram_block[0][2] has unsafe behavior
    Warning (13013): Ports D and ENA on the latch are fed by the same signal mar[2]
Warning (13012): Latch Lab_07_asyncRAM:RAM|ram_block[3][2] has unsafe behavior
    Warning (13013): Ports D and ENA on the latch are fed by the same signal mar[2]
Warning (13012): Latch Lab_07_asyncRAM:RAM|ram_block[5][2] has unsafe behavior
    Warning (13013): Ports D and ENA on the latch are fed by the same signal mar[2]
Warning (13012): Latch Lab_07_asyncRAM:RAM|ram_block[6][2] has unsafe behavior
    Warning (13013): Ports D and ENA on the latch are fed by the same signal mar[2]
Warning (13012): Latch Lab_07_asyncRAM:RAM|ram_block[4][2] has unsafe behavior
    Warning (13013): Ports D and ENA on the latch are fed by the same signal mar[2]
Warning (13012): Latch Lab_07_asyncRAM:RAM|ram_block[7][2] has unsafe behavior
    Warning (13013): Ports D and ENA on the latch are fed by the same signal mar[2]
Warning (13012): Latch Lab_07_asyncRAM:RAM|ram_block[2][3] has unsafe behavior
    Warning (13013): Ports D and ENA on the latch are fed by the same signal mar[2]
Warning (13012): Latch Lab_07_asyncRAM:RAM|ram_block[1][3] has unsafe behavior
    Warning (13013): Ports D and ENA on the latch are fed by the same signal mar[2]
Warning (13012): Latch Lab_07_asyncRAM:RAM|ram_block[0][3] has unsafe behavior
    Warning (13013): Ports D and ENA on the latch are fed by the same signal mar[2]
Warning (13012): Latch Lab_07_asyncRAM:RAM|ram_block[3][3] has unsafe behavior
    Warning (13013): Ports D and ENA on the latch are fed by the same signal mar[2]
Warning (13012): Latch Lab_07_asyncRAM:RAM|ram_block[5][3] has unsafe behavior
    Warning (13013): Ports D and ENA on the latch are fed by the same signal mar[2]
Warning (13012): Latch Lab_07_asyncRAM:RAM|ram_block[6][3] has unsafe behavior
    Warning (13013): Ports D and ENA on the latch are fed by the same signal mar[2]
Warning (13012): Latch Lab_07_asyncRAM:RAM|ram_block[4][3] has unsafe behavior
    Warning (13013): Ports D and ENA on the latch are fed by the same signal mar[2]
Warning (13012): Latch Lab_07_asyncRAM:RAM|ram_block[7][3] has unsafe behavior
    Warning (13013): Ports D and ENA on the latch are fed by the same signal mar[2]
Info (286030): Timing-Driven Synthesis is running
Info (16010): Generating hard_block partition "hard_block:auto_generated_inst"
    Info (16011): Adding 0 node(s), including 0 DDIO, 0 PLL, 0 transceiver and 0 LCELL
Info (21057): Implemented 132 device resources after synthesis - the final resource count might be different
    Info (21058): Implemented 15 input pins
    Info (21059): Implemented 23 output pins
    Info (21061): Implemented 94 logic cells
Info: Quartus II 64-Bit Analysis & Synthesis was successful. 0 errors, 76 warnings
    Info: Peak virtual memory: 4716 megabytes
    Info: Processing ended: Fri Apr 30 17:02:20 2021
    Info: Elapsed time: 00:00:03
    Info: Total CPU time (on all processors): 00:00:02


